{"/Users/alexmedina/Desktop/cashtracker/backend/src/server.ts": {"path":"/Users/alexmedina/Desktop/cashtracker/backend/src/server.ts","statementMap":{"0":{"start":{"line":9,"column":0},"end":{"line":9,"column":7}},"1":{"start":{"line":1,"column":0},"end":{"line":1,"column":30}},"2":{"start":{"line":3,"column":0},"end":{"line":3,"column":28}},"3":{"start":{"line":4,"column":0},"end":{"line":4,"column":33}},"4":{"start":{"line":5,"column":0},"end":{"line":5,"column":49}},"5":{"start":{"line":6,"column":0},"end":{"line":6,"column":45}},"6":{"start":{"line":10,"column":2},"end":{"line":17,"column":3}},"7":{"start":{"line":11,"column":4},"end":{"line":11,"column":28}},"8":{"start":{"line":12,"column":4},"end":{"line":12,"column":14}},"9":{"start":{"line":20,"column":0},"end":{"line":20,"column":12}},"10":{"start":{"line":22,"column":12},"end":{"line":22,"column":21}},"11":{"start":{"line":24,"column":0},"end":{"line":24,"column":23}},"12":{"start":{"line":26,"column":0},"end":{"line":26,"column":24}},"13":{"start":{"line":28,"column":0},"end":{"line":28,"column":38}},"14":{"start":{"line":29,"column":0},"end":{"line":29,"column":33}},"15":{"start":{"line":31,"column":0},"end":{"line":31,"column":19}}},"fnMap":{"0":{"name":"connectDB","decl":{"start":{"line":9,"column":22},"end":{"line":9,"column":31}},"loc":{"start":{"line":9,"column":31},"end":{"line":18,"column":1}}}},"branchMap":{},"s":{"0":1,"1":1,"2":1,"3":1,"4":1,"5":1,"6":1,"7":1,"8":1,"9":1,"10":1,"11":1,"12":1,"13":1,"14":1,"15":1},"f":{"0":1},"b":{}}
,"/Users/alexmedina/Desktop/cashtracker/backend/src/config/db.ts": {"path":"/Users/alexmedina/Desktop/cashtracker/backend/src/config/db.ts","statementMap":{"0":{"start":{"line":1,"column":0},"end":{"line":1,"column":49}},"1":{"start":{"line":2,"column":0},"end":{"line":2,"column":28}},"2":{"start":{"line":4,"column":0},"end":{"line":4,"column":32}},"3":{"start":{"line":6,"column":13},"end":{"line":14,"column":3}}},"fnMap":{},"branchMap":{},"s":{"0":1,"1":1,"2":1,"3":1},"f":{},"b":{}}
,"/Users/alexmedina/Desktop/cashtracker/backend/src/config/limiter.ts": {"path":"/Users/alexmedina/Desktop/cashtracker/backend/src/config/limiter.ts","statementMap":{"0":{"start":{"line":1,"column":0},"end":{"line":1,"column":47}},"1":{"start":{"line":3,"column":13},"end":{"line":9,"column":3}}},"fnMap":{},"branchMap":{"0":{"loc":{"start":{"line":5,"column":9},"end":{"line":5,"column":56}},"type":"cond-expr","locations":[{"start":{"line":5,"column":49},"end":{"line":5,"column":50}},{"start":{"line":5,"column":53},"end":{"line":5,"column":56}}]}},"s":{"0":1,"1":1},"f":{},"b":{"0":[0,1]}}
,"/Users/alexmedina/Desktop/cashtracker/backend/src/config/nodemailer.ts": {"path":"/Users/alexmedina/Desktop/cashtracker/backend/src/config/nodemailer.ts","statementMap":{"0":{"start":{"line":1,"column":0},"end":{"line":1,"column":36}},"1":{"start":{"line":2,"column":0},"end":{"line":2,"column":28}},"2":{"start":{"line":4,"column":0},"end":{"line":4,"column":16}},"3":{"start":{"line":6,"column":15},"end":{"line":15,"column":1}},"4":{"start":{"line":7,"column":2},"end":{"line":14,"column":4}},"5":{"start":{"line":18,"column":13},"end":{"line":18,"column":62}}},"fnMap":{"0":{"name":"(anonymous_1)","decl":{"start":{"line":6,"column":15},"end":{"line":6,"column":18}},"loc":{"start":{"line":6,"column":20},"end":{"line":15,"column":1}}}},"branchMap":{},"s":{"0":2,"1":2,"2":2,"3":2,"4":2,"5":2},"f":{"0":2},"b":{}}
,"/Users/alexmedina/Desktop/cashtracker/backend/src/controllers/AuthController.ts": {"path":"/Users/alexmedina/Desktop/cashtracker/backend/src/controllers/AuthController.ts","statementMap":{"0":{"start":{"line":2,"column":0},"end":{"line":2,"column":34}},"1":{"start":{"line":3,"column":0},"end":{"line":3,"column":63}},"2":{"start":{"line":4,"column":0},"end":{"line":4,"column":47}},"3":{"start":{"line":5,"column":0},"end":{"line":5,"column":48}},"4":{"start":{"line":6,"column":0},"end":{"line":6,"column":43}},"5":{"start":{"line":9,"column":25},"end":{"line":42,"column":3}},"6":{"start":{"line":10,"column":32},"end":{"line":10,"column":40}},"7":{"start":{"line":13,"column":23},"end":{"line":15,"column":6}},"8":{"start":{"line":17,"column":4},"end":{"line":20,"column":5}},"9":{"start":{"line":18,"column":20},"end":{"line":18,"column":70}},"10":{"start":{"line":19,"column":6},"end":{"line":19,"column":60}},"11":{"start":{"line":21,"column":4},"end":{"line":41,"column":5}},"12":{"start":{"line":22,"column":19},"end":{"line":22,"column":46}},"13":{"start":{"line":23,"column":6},"end":{"line":23,"column":51}},"14":{"start":{"line":24,"column":20},"end":{"line":24,"column":35}},"15":{"start":{"line":25,"column":6},"end":{"line":25,"column":25}},"16":{"start":{"line":27,"column":6},"end":{"line":29,"column":7}},"17":{"start":{"line":28,"column":8},"end":{"line":28,"column":56}},"18":{"start":{"line":31,"column":6},"end":{"line":31,"column":24}},"19":{"start":{"line":32,"column":6},"end":{"line":36,"column":9}},"20":{"start":{"line":37,"column":6},"end":{"line":37,"column":56}},"21":{"start":{"line":40,"column":6},"end":{"line":40,"column":72}},"22":{"start":{"line":44,"column":26},"end":{"line":61,"column":3}},"23":{"start":{"line":45,"column":4},"end":{"line":60,"column":5}},"24":{"start":{"line":46,"column":24},"end":{"line":46,"column":32}},"25":{"start":{"line":47,"column":19},"end":{"line":47,"column":59}},"26":{"start":{"line":49,"column":6},"end":{"line":52,"column":7}},"27":{"start":{"line":50,"column":22},"end":{"line":50,"column":48}},"28":{"start":{"line":51,"column":8},"end":{"line":51,"column":62}},"29":{"start":{"line":53,"column":6},"end":{"line":53,"column":28}},"30":{"start":{"line":54,"column":6},"end":{"line":54,"column":24}},"31":{"start":{"line":55,"column":6},"end":{"line":55,"column":24}},"32":{"start":{"line":56,"column":6},"end":{"line":56,"column":49}},"33":{"start":{"line":59,"column":6},"end":{"line":59,"column":72}},"34":{"start":{"line":63,"column":17},"end":{"line":95,"column":3}},"35":{"start":{"line":64,"column":4},"end":{"line":94,"column":5}},"36":{"start":{"line":65,"column":34},"end":{"line":65,"column":42}},"37":{"start":{"line":66,"column":25},"end":{"line":66,"column":65}},"38":{"start":{"line":68,"column":6},"end":{"line":71,"column":7}},"39":{"start":{"line":69,"column":22},"end":{"line":69,"column":54}},"40":{"start":{"line":70,"column":8},"end":{"line":70,"column":62}},"41":{"start":{"line":73,"column":6},"end":{"line":76,"column":7}},"42":{"start":{"line":74,"column":22},"end":{"line":74,"column":56}},"43":{"start":{"line":75,"column":8},"end":{"line":75,"column":62}},"44":{"start":{"line":78,"column":30},"end":{"line":80,"column":null}},"45":{"start":{"line":83,"column":6},"end":{"line":86,"column":7}},"46":{"start":{"line":84,"column":22},"end":{"line":84,"column":53}},"47":{"start":{"line":85,"column":8},"end":{"line":85,"column":62}},"48":{"start":{"line":88,"column":20},"end":{"line":88,"column":46}},"49":{"start":{"line":90,"column":6},"end":{"line":90,"column":22}},"50":{"start":{"line":93,"column":6},"end":{"line":93,"column":72}},"51":{"start":{"line":97,"column":26},"end":{"line":120,"column":3}},"52":{"start":{"line":98,"column":4},"end":{"line":119,"column":5}},"53":{"start":{"line":99,"column":24},"end":{"line":99,"column":32}},"54":{"start":{"line":100,"column":19},"end":{"line":100,"column":59}},"55":{"start":{"line":102,"column":6},"end":{"line":105,"column":7}},"56":{"start":{"line":103,"column":22},"end":{"line":103,"column":54}},"57":{"start":{"line":104,"column":8},"end":{"line":104,"column":64}},"58":{"start":{"line":107,"column":6},"end":{"line":107,"column":35}},"59":{"start":{"line":108,"column":6},"end":{"line":108,"column":24}},"60":{"start":{"line":109,"column":6},"end":{"line":113,"column":9}},"61":{"start":{"line":115,"column":6},"end":{"line":115,"column":62}},"62":{"start":{"line":118,"column":6},"end":{"line":118,"column":72}},"63":{"start":{"line":122,"column":25},"end":{"line":137,"column":3}},"64":{"start":{"line":123,"column":4},"end":{"line":136,"column":5}},"65":{"start":{"line":124,"column":24},"end":{"line":124,"column":32}},"66":{"start":{"line":125,"column":26},"end":{"line":125,"column":66}},"67":{"start":{"line":127,"column":6},"end":{"line":130,"column":7}},"68":{"start":{"line":128,"column":22},"end":{"line":128,"column":48}},"69":{"start":{"line":129,"column":8},"end":{"line":129,"column":64}},"70":{"start":{"line":132,"column":6},"end":{"line":132,"column":33}},"71":{"start":{"line":135,"column":6},"end":{"line":135,"column":72}},"72":{"start":{"line":139,"column":34},"end":{"line":160,"column":3}},"73":{"start":{"line":140,"column":4},"end":{"line":159,"column":5}},"74":{"start":{"line":141,"column":24},"end":{"line":141,"column":34}},"75":{"start":{"line":142,"column":27},"end":{"line":142,"column":35}},"76":{"start":{"line":144,"column":19},"end":{"line":144,"column":59}},"77":{"start":{"line":146,"column":6},"end":{"line":149,"column":7}},"78":{"start":{"line":147,"column":22},"end":{"line":147,"column":48}},"79":{"start":{"line":148,"column":8},"end":{"line":148,"column":64}},"80":{"start":{"line":151,"column":6},"end":{"line":151,"column":51}},"81":{"start":{"line":152,"column":6},"end":{"line":152,"column":24}},"82":{"start":{"line":153,"column":6},"end":{"line":153,"column":24}},"83":{"start":{"line":155,"column":6},"end":{"line":155,"column":48}},"84":{"start":{"line":158,"column":6},"end":{"line":158,"column":72}},"85":{"start":{"line":162,"column":16},"end":{"line":164,"column":3}},"86":{"start":{"line":163,"column":4},"end":{"line":163,"column":23}},"87":{"start":{"line":166,"column":37},"end":{"line":187,"column":3}},"88":{"start":{"line":167,"column":4},"end":{"line":186,"column":5}},"89":{"start":{"line":168,"column":45},"end":{"line":168,"column":53}},"90":{"start":{"line":169,"column":21},"end":{"line":169,"column":29}},"91":{"start":{"line":170,"column":19},"end":{"line":170,"column":42}},"92":{"start":{"line":172,"column":32},"end":{"line":174,"column":null}},"93":{"start":{"line":176,"column":6},"end":{"line":179,"column":7}},"94":{"start":{"line":177,"column":22},"end":{"line":177,"column":64}},"95":{"start":{"line":178,"column":8},"end":{"line":178,"column":64}},"96":{"start":{"line":180,"column":6},"end":{"line":180,"column":51}},"97":{"start":{"line":181,"column":6},"end":{"line":181,"column":24}},"98":{"start":{"line":182,"column":6},"end":{"line":182,"column":48}},"99":{"start":{"line":185,"column":6},"end":{"line":185,"column":72}},"100":{"start":{"line":189,"column":25},"end":{"line":205,"column":3}},"101":{"start":{"line":190,"column":4},"end":{"line":204,"column":5}},"102":{"start":{"line":191,"column":27},"end":{"line":191,"column":35}},"103":{"start":{"line":192,"column":21},"end":{"line":192,"column":29}},"104":{"start":{"line":193,"column":19},"end":{"line":193,"column":42}},"105":{"start":{"line":195,"column":32},"end":{"line":195,"column":77}},"106":{"start":{"line":196,"column":6},"end":{"line":199,"column":7}},"107":{"start":{"line":197,"column":22},"end":{"line":197,"column":64}},"108":{"start":{"line":198,"column":8},"end":{"line":198,"column":64}},"109":{"start":{"line":200,"column":6},"end":{"line":200,"column":38}},"110":{"start":{"line":203,"column":6},"end":{"line":203,"column":72}},"111":{"start":{"line":8,"column":0},"end":{"line":8,"column":13}}},"fnMap":{"0":{"name":"(anonymous_1)","decl":{"start":{"line":9,"column":25},"end":{"line":9,"column":30}},"loc":{"start":{"line":9,"column":63},"end":{"line":42,"column":3}}},"1":{"name":"(anonymous_2)","decl":{"start":{"line":44,"column":26},"end":{"line":44,"column":31}},"loc":{"start":{"line":44,"column":64},"end":{"line":61,"column":3}}},"2":{"name":"(anonymous_3)","decl":{"start":{"line":63,"column":17},"end":{"line":63,"column":22}},"loc":{"start":{"line":63,"column":55},"end":{"line":95,"column":3}}},"3":{"name":"(anonymous_4)","decl":{"start":{"line":97,"column":26},"end":{"line":97,"column":31}},"loc":{"start":{"line":97,"column":64},"end":{"line":120,"column":3}}},"4":{"name":"(anonymous_5)","decl":{"start":{"line":122,"column":25},"end":{"line":122,"column":30}},"loc":{"start":{"line":122,"column":63},"end":{"line":137,"column":3}}},"5":{"name":"(anonymous_6)","decl":{"start":{"line":139,"column":34},"end":{"line":139,"column":39}},"loc":{"start":{"line":139,"column":72},"end":{"line":160,"column":3}}},"6":{"name":"(anonymous_7)","decl":{"start":{"line":162,"column":16},"end":{"line":162,"column":21}},"loc":{"start":{"line":162,"column":54},"end":{"line":164,"column":3}}},"7":{"name":"(anonymous_8)","decl":{"start":{"line":166,"column":37},"end":{"line":166,"column":42}},"loc":{"start":{"line":166,"column":75},"end":{"line":187,"column":3}}},"8":{"name":"(anonymous_9)","decl":{"start":{"line":189,"column":25},"end":{"line":189,"column":30}},"loc":{"start":{"line":189,"column":63},"end":{"line":205,"column":3}}}},"branchMap":{"0":{"loc":{"start":{"line":17,"column":4},"end":{"line":20,"column":5}},"type":"if","locations":[{"start":{"line":17,"column":4},"end":{"line":20,"column":5}},{"start":{},"end":{}}]},"1":{"loc":{"start":{"line":27,"column":6},"end":{"line":29,"column":7}},"type":"if","locations":[{"start":{"line":27,"column":6},"end":{"line":29,"column":7}},{"start":{},"end":{}}]},"2":{"loc":{"start":{"line":49,"column":6},"end":{"line":52,"column":7}},"type":"if","locations":[{"start":{"line":49,"column":6},"end":{"line":52,"column":7}},{"start":{},"end":{}}]},"3":{"loc":{"start":{"line":68,"column":6},"end":{"line":71,"column":7}},"type":"if","locations":[{"start":{"line":68,"column":6},"end":{"line":71,"column":7}},{"start":{},"end":{}}]},"4":{"loc":{"start":{"line":73,"column":6},"end":{"line":76,"column":7}},"type":"if","locations":[{"start":{"line":73,"column":6},"end":{"line":76,"column":7}},{"start":{},"end":{}}]},"5":{"loc":{"start":{"line":83,"column":6},"end":{"line":86,"column":7}},"type":"if","locations":[{"start":{"line":83,"column":6},"end":{"line":86,"column":7}},{"start":{},"end":{}}]},"6":{"loc":{"start":{"line":102,"column":6},"end":{"line":105,"column":7}},"type":"if","locations":[{"start":{"line":102,"column":6},"end":{"line":105,"column":7}},{"start":{},"end":{}}]},"7":{"loc":{"start":{"line":127,"column":6},"end":{"line":130,"column":7}},"type":"if","locations":[{"start":{"line":127,"column":6},"end":{"line":130,"column":7}},{"start":{},"end":{}}]},"8":{"loc":{"start":{"line":146,"column":6},"end":{"line":149,"column":7}},"type":"if","locations":[{"start":{"line":146,"column":6},"end":{"line":149,"column":7}},{"start":{},"end":{}}]},"9":{"loc":{"start":{"line":176,"column":6},"end":{"line":179,"column":7}},"type":"if","locations":[{"start":{"line":176,"column":6},"end":{"line":179,"column":7}},{"start":{},"end":{}}]},"10":{"loc":{"start":{"line":196,"column":6},"end":{"line":199,"column":7}},"type":"if","locations":[{"start":{"line":196,"column":6},"end":{"line":199,"column":7}},{"start":{},"end":{}}]}},"s":{"0":2,"1":2,"2":2,"3":2,"4":2,"5":2,"6":4,"7":4,"8":4,"9":2,"10":2,"11":2,"12":2,"13":2,"14":2,"15":2,"16":2,"17":2,"18":2,"19":2,"20":1,"21":1,"22":2,"23":2,"24":2,"25":2,"26":2,"27":1,"28":1,"29":1,"30":1,"31":1,"32":1,"33":0,"34":2,"35":13,"36":13,"37":13,"38":13,"39":2,"40":2,"41":11,"42":2,"43":2,"44":9,"45":9,"46":2,"47":2,"48":7,"49":7,"50":0,"51":2,"52":0,"53":0,"54":0,"55":0,"56":0,"57":0,"58":0,"59":0,"60":0,"61":0,"62":0,"63":2,"64":0,"65":0,"66":0,"67":0,"68":0,"69":0,"70":0,"71":0,"72":2,"73":0,"74":0,"75":0,"76":0,"77":0,"78":0,"79":0,"80":0,"81":0,"82":0,"83":0,"84":0,"85":2,"86":0,"87":2,"88":0,"89":0,"90":0,"91":0,"92":0,"93":0,"94":0,"95":0,"96":0,"97":0,"98":0,"99":0,"100":2,"101":0,"102":0,"103":0,"104":0,"105":0,"106":0,"107":0,"108":0,"109":0,"110":0,"111":2},"f":{"0":4,"1":2,"2":13,"3":0,"4":0,"5":0,"6":0,"7":0,"8":0},"b":{"0":[2,2],"1":[2,0],"2":[1,1],"3":[2,11],"4":[2,9],"5":[2,7],"6":[0,0],"7":[0,0],"8":[0,0],"9":[0,0],"10":[0,0]}}
,"/Users/alexmedina/Desktop/cashtracker/backend/src/controllers/BudgetController.ts": {"path":"/Users/alexmedina/Desktop/cashtracker/backend/src/controllers/BudgetController.ts","statementMap":{"0":{"start":{"line":2,"column":0},"end":{"line":2,"column":38}},"1":{"start":{"line":3,"column":0},"end":{"line":3,"column":40}},"2":{"start":{"line":8,"column":18},"end":{"line":26,"column":3}},"3":{"start":{"line":11,"column":4},"end":{"line":25,"column":5}},"4":{"start":{"line":12,"column":22},"end":{"line":20,"column":8}},"5":{"start":{"line":21,"column":6},"end":{"line":21,"column":24}},"6":{"start":{"line":24,"column":6},"end":{"line":24,"column":56}},"7":{"start":{"line":28,"column":18},"end":{"line":39,"column":3}},"8":{"start":{"line":30,"column":4},"end":{"line":38,"column":5}},"9":{"start":{"line":31,"column":21},"end":{"line":31,"column":50}},"10":{"start":{"line":32,"column":6},"end":{"line":32,"column":34}},"11":{"start":{"line":33,"column":6},"end":{"line":33,"column":26}},"12":{"start":{"line":34,"column":6},"end":{"line":34,"column":58}},"13":{"start":{"line":37,"column":6},"end":{"line":37,"column":56}},"14":{"start":{"line":41,"column":19},"end":{"line":47,"column":3}},"15":{"start":{"line":42,"column":19},"end":{"line":44,"column":6}},"16":{"start":{"line":46,"column":4},"end":{"line":46,"column":21}},"17":{"start":{"line":49,"column":22},"end":{"line":52,"column":3}},"18":{"start":{"line":50,"column":4},"end":{"line":50,"column":38}},"19":{"start":{"line":51,"column":4},"end":{"line":51,"column":44}},"20":{"start":{"line":54,"column":22},"end":{"line":57,"column":3}},"21":{"start":{"line":55,"column":4},"end":{"line":55,"column":31}},"22":{"start":{"line":56,"column":4},"end":{"line":56,"column":44}},"23":{"start":{"line":5,"column":0},"end":{"line":5,"column":13}}},"fnMap":{"0":{"name":"(anonymous_1)","decl":{"start":{"line":8,"column":18},"end":{"line":8,"column":23}},"loc":{"start":{"line":8,"column":56},"end":{"line":26,"column":3}}},"1":{"name":"(anonymous_2)","decl":{"start":{"line":28,"column":18},"end":{"line":28,"column":23}},"loc":{"start":{"line":28,"column":56},"end":{"line":39,"column":3}}},"2":{"name":"(anonymous_3)","decl":{"start":{"line":41,"column":19},"end":{"line":41,"column":24}},"loc":{"start":{"line":41,"column":57},"end":{"line":47,"column":3}}},"3":{"name":"(anonymous_4)","decl":{"start":{"line":49,"column":22},"end":{"line":49,"column":27}},"loc":{"start":{"line":49,"column":60},"end":{"line":52,"column":3}}},"4":{"name":"(anonymous_5)","decl":{"start":{"line":54,"column":22},"end":{"line":54,"column":27}},"loc":{"start":{"line":54,"column":60},"end":{"line":57,"column":3}}}},"branchMap":{},"s":{"0":2,"1":2,"2":2,"3":5,"4":5,"5":4,"6":1,"7":2,"8":3,"9":3,"10":2,"11":2,"12":2,"13":1,"14":2,"15":4,"16":4,"17":2,"18":2,"19":2,"20":2,"21":2,"22":2,"23":2},"f":{"0":5,"1":3,"2":4,"3":2,"4":2},"b":{}}
,"/Users/alexmedina/Desktop/cashtracker/backend/src/controllers/ExpenseController.ts": {"path":"/Users/alexmedina/Desktop/cashtracker/backend/src/controllers/ExpenseController.ts","statementMap":{"0":{"start":{"line":2,"column":0},"end":{"line":2,"column":40}},"1":{"start":{"line":5,"column":18},"end":{"line":15,"column":3}},"2":{"start":{"line":6,"column":4},"end":{"line":14,"column":5}},"3":{"start":{"line":7,"column":22},"end":{"line":7,"column":52}},"4":{"start":{"line":8,"column":6},"end":{"line":8,"column":39}},"5":{"start":{"line":9,"column":6},"end":{"line":9,"column":27}},"6":{"start":{"line":10,"column":6},"end":{"line":10,"column":46}},"7":{"start":{"line":13,"column":6},"end":{"line":13,"column":54}},"8":{"start":{"line":17,"column":19},"end":{"line":19,"column":3}},"9":{"start":{"line":18,"column":4},"end":{"line":18,"column":26}},"10":{"start":{"line":21,"column":22},"end":{"line":24,"column":3}},"11":{"start":{"line":22,"column":4},"end":{"line":22,"column":39}},"12":{"start":{"line":23,"column":4},"end":{"line":23,"column":32}},"13":{"start":{"line":26,"column":22},"end":{"line":29,"column":3}},"14":{"start":{"line":27,"column":4},"end":{"line":27,"column":32}},"15":{"start":{"line":28,"column":4},"end":{"line":28,"column":32}},"16":{"start":{"line":4,"column":0},"end":{"line":4,"column":13}}},"fnMap":{"0":{"name":"(anonymous_1)","decl":{"start":{"line":5,"column":18},"end":{"line":5,"column":23}},"loc":{"start":{"line":5,"column":56},"end":{"line":15,"column":3}}},"1":{"name":"(anonymous_2)","decl":{"start":{"line":17,"column":19},"end":{"line":17,"column":24}},"loc":{"start":{"line":17,"column":57},"end":{"line":19,"column":3}}},"2":{"name":"(anonymous_3)","decl":{"start":{"line":21,"column":22},"end":{"line":21,"column":27}},"loc":{"start":{"line":21,"column":60},"end":{"line":24,"column":3}}},"3":{"name":"(anonymous_4)","decl":{"start":{"line":26,"column":22},"end":{"line":26,"column":27}},"loc":{"start":{"line":26,"column":60},"end":{"line":29,"column":3}}}},"branchMap":{},"s":{"0":2,"1":2,"2":2,"3":2,"4":1,"5":1,"6":1,"7":1,"8":2,"9":1,"10":2,"11":1,"12":1,"13":2,"14":1,"15":1,"16":2},"f":{"0":2,"1":1,"2":1,"3":1},"b":{}}
,"/Users/alexmedina/Desktop/cashtracker/backend/src/emails/AuthEmail.ts": {"path":"/Users/alexmedina/Desktop/cashtracker/backend/src/emails/AuthEmail.ts","statementMap":{"0":{"start":{"line":1,"column":0},"end":{"line":1,"column":49}},"1":{"start":{"line":10,"column":33},"end":{"line":19,"column":3}},"2":{"start":{"line":11,"column":18},"end":{"line":16,"column":6}},"3":{"start":{"line":21,"column":34},"end":{"line":29,"column":3}},"4":{"start":{"line":22,"column":18},"end":{"line":27,"column":6}},"5":{"start":{"line":9,"column":0},"end":{"line":9,"column":13}}},"fnMap":{"0":{"name":"(anonymous_0)","decl":{"start":{"line":10,"column":33},"end":{"line":10,"column":38}},"loc":{"start":{"line":10,"column":59},"end":{"line":19,"column":3}}},"1":{"name":"(anonymous_1)","decl":{"start":{"line":21,"column":34},"end":{"line":21,"column":39}},"loc":{"start":{"line":21,"column":60},"end":{"line":29,"column":3}}}},"branchMap":{},"s":{"0":2,"1":2,"2":1,"3":2,"4":0,"5":2},"f":{"0":1,"1":0},"b":{}}
,"/Users/alexmedina/Desktop/cashtracker/backend/src/middleware/auth.ts": {"path":"/Users/alexmedina/Desktop/cashtracker/backend/src/middleware/auth.ts","statementMap":{"0":{"start":{"line":2,"column":0},"end":{"line":2,"column":31}},"1":{"start":{"line":3,"column":0},"end":{"line":3,"column":34}},"2":{"start":{"line":13,"column":28},"end":{"line":44,"column":1}},"3":{"start":{"line":18,"column":17},"end":{"line":18,"column":42}},"4":{"start":{"line":20,"column":2},"end":{"line":23,"column":3}},"5":{"start":{"line":21,"column":18},"end":{"line":21,"column":45}},"6":{"start":{"line":22,"column":4},"end":{"line":22,"column":58}},"7":{"start":{"line":25,"column":20},"end":{"line":25,"column":37}},"8":{"start":{"line":27,"column":2},"end":{"line":30,"column":3}},"9":{"start":{"line":28,"column":18},"end":{"line":28,"column":45}},"10":{"start":{"line":29,"column":4},"end":{"line":29,"column":58}},"11":{"start":{"line":32,"column":2},"end":{"line":43,"column":3}},"12":{"start":{"line":33,"column":20},"end":{"line":33,"column":61}},"13":{"start":{"line":34,"column":4},"end":{"line":39,"column":5}},"14":{"start":{"line":35,"column":6},"end":{"line":37,"column":9}},"15":{"start":{"line":38,"column":6},"end":{"line":38,"column":13}},"16":{"start":{"line":42,"column":4},"end":{"line":42,"column":70}},"17":{"start":{"line":13,"column":13},"end":{"line":13,"column":28}}},"fnMap":{"0":{"name":"(anonymous_1)","decl":{"start":{"line":13,"column":28},"end":{"line":13,"column":33}},"loc":{"start":{"line":17,"column":4},"end":{"line":44,"column":1}}}},"branchMap":{"0":{"loc":{"start":{"line":20,"column":2},"end":{"line":23,"column":3}},"type":"if","locations":[{"start":{"line":20,"column":2},"end":{"line":23,"column":3}},{"start":{},"end":{}}]},"1":{"loc":{"start":{"line":27,"column":2},"end":{"line":30,"column":3}},"type":"if","locations":[{"start":{"line":27,"column":2},"end":{"line":30,"column":3}},{"start":{},"end":{}}]},"2":{"loc":{"start":{"line":34,"column":4},"end":{"line":39,"column":5}},"type":"if","locations":[{"start":{"line":34,"column":4},"end":{"line":39,"column":5}},{"start":{},"end":{}}]},"3":{"loc":{"start":{"line":34,"column":8},"end":{"line":34,"column":49}},"type":"binary-expr","locations":[{"start":{"line":34,"column":8},"end":{"line":34,"column":35}},{"start":{"line":34,"column":39},"end":{"line":34,"column":49}}]}},"s":{"0":1,"1":1,"2":1,"3":19,"4":19,"5":5,"6":5,"7":14,"8":14,"9":0,"10":0,"11":14,"12":14,"13":13,"14":13,"15":13,"16":1,"17":1},"f":{"0":19},"b":{"0":[5,14],"1":[0,14],"2":[13,0],"3":[13,13]}}
,"/Users/alexmedina/Desktop/cashtracker/backend/src/middleware/budget.ts": {"path":"/Users/alexmedina/Desktop/cashtracker/backend/src/middleware/budget.ts","statementMap":{"0":{"start":{"line":2,"column":0},"end":{"line":2,"column":66}},"1":{"start":{"line":3,"column":0},"end":{"line":3,"column":38}},"2":{"start":{"line":14,"column":32},"end":{"line":32,"column":1}},"3":{"start":{"line":19,"column":2},"end":{"line":26,"column":14}},"4":{"start":{"line":23,"column":23},"end":{"line":23,"column":32}},"5":{"start":{"line":27,"column":15},"end":{"line":27,"column":36}},"6":{"start":{"line":28,"column":2},"end":{"line":30,"column":3}},"7":{"start":{"line":29,"column":4},"end":{"line":29,"column":60}},"8":{"start":{"line":31,"column":2},"end":{"line":31,"column":9}},"9":{"start":{"line":14,"column":13},"end":{"line":14,"column":32}},"10":{"start":{"line":33,"column":36},"end":{"line":51,"column":1}},"11":{"start":{"line":38,"column":2},"end":{"line":50,"column":3}},"12":{"start":{"line":39,"column":25},"end":{"line":39,"column":35}},"13":{"start":{"line":40,"column":19},"end":{"line":40,"column":50}},"14":{"start":{"line":41,"column":4},"end":{"line":44,"column":5}},"15":{"start":{"line":42,"column":20},"end":{"line":42,"column":49}},"16":{"start":{"line":43,"column":6},"end":{"line":43,"column":60}},"17":{"start":{"line":45,"column":4},"end":{"line":45,"column":24}},"18":{"start":{"line":46,"column":4},"end":{"line":46,"column":11}},"19":{"start":{"line":49,"column":4},"end":{"line":49,"column":52}},"20":{"start":{"line":33,"column":13},"end":{"line":33,"column":36}},"21":{"start":{"line":53,"column":35},"end":{"line":72,"column":1}},"22":{"start":{"line":58,"column":2},"end":{"line":58,"column":80}},"23":{"start":{"line":59,"column":2},"end":{"line":66,"column":14}},"24":{"start":{"line":64,"column":23},"end":{"line":64,"column":32}},"25":{"start":{"line":67,"column":15},"end":{"line":67,"column":36}},"26":{"start":{"line":68,"column":2},"end":{"line":70,"column":3}},"27":{"start":{"line":69,"column":4},"end":{"line":69,"column":60}},"28":{"start":{"line":71,"column":2},"end":{"line":71,"column":9}},"29":{"start":{"line":53,"column":13},"end":{"line":53,"column":35}},"30":{"start":{"line":74,"column":25},"end":{"line":85,"column":1}},"31":{"start":{"line":79,"column":2},"end":{"line":83,"column":3}},"32":{"start":{"line":81,"column":18},"end":{"line":81,"column":44}},"33":{"start":{"line":82,"column":4},"end":{"line":82,"column":58}},"34":{"start":{"line":84,"column":2},"end":{"line":84,"column":9}},"35":{"start":{"line":74,"column":13},"end":{"line":74,"column":25}}},"fnMap":{"0":{"name":"(anonymous_1)","decl":{"start":{"line":14,"column":32},"end":{"line":14,"column":37}},"loc":{"start":{"line":18,"column":4},"end":{"line":32,"column":1}}},"1":{"name":"(anonymous_2)","decl":{"start":{"line":23,"column":12},"end":{"line":23,"column":13}},"loc":{"start":{"line":23,"column":23},"end":{"line":23,"column":32}}},"2":{"name":"(anonymous_3)","decl":{"start":{"line":33,"column":36},"end":{"line":33,"column":41}},"loc":{"start":{"line":37,"column":4},"end":{"line":51,"column":1}}},"3":{"name":"(anonymous_4)","decl":{"start":{"line":53,"column":35},"end":{"line":53,"column":40}},"loc":{"start":{"line":57,"column":4},"end":{"line":72,"column":1}}},"4":{"name":"(anonymous_5)","decl":{"start":{"line":64,"column":12},"end":{"line":64,"column":13}},"loc":{"start":{"line":64,"column":23},"end":{"line":64,"column":32}}},"5":{"name":"(anonymous_6)","decl":{"start":{"line":74,"column":25},"end":{"line":74,"column":30}},"loc":{"start":{"line":78,"column":4},"end":{"line":85,"column":1}}}},"branchMap":{"0":{"loc":{"start":{"line":28,"column":2},"end":{"line":30,"column":3}},"type":"if","locations":[{"start":{"line":28,"column":2},"end":{"line":30,"column":3}},{"start":{},"end":{}}]},"1":{"loc":{"start":{"line":41,"column":4},"end":{"line":44,"column":5}},"type":"if","locations":[{"start":{"line":41,"column":4},"end":{"line":44,"column":5}},{"start":{},"end":{}}]},"2":{"loc":{"start":{"line":68,"column":2},"end":{"line":70,"column":3}},"type":"if","locations":[{"start":{"line":68,"column":2},"end":{"line":70,"column":3}},{"start":{},"end":{}}]},"3":{"loc":{"start":{"line":79,"column":2},"end":{"line":83,"column":3}},"type":"if","locations":[{"start":{"line":79,"column":2},"end":{"line":83,"column":3}},{"start":{},"end":{}}]}},"s":{"0":3,"1":3,"2":3,"3":10,"4":7,"5":10,"6":10,"7":3,"8":7,"9":3,"10":3,"11":10,"12":10,"13":10,"14":9,"15":4,"16":4,"17":5,"18":5,"19":1,"20":3,"21":3,"22":4,"23":4,"24":4,"25":4,"26":4,"27":2,"28":2,"29":3,"30":3,"31":7,"32":2,"33":2,"34":5,"35":3},"f":{"0":10,"1":7,"2":10,"3":4,"4":4,"5":7},"b":{"0":[3,7],"1":[4,5],"2":[2,2],"3":[2,5]}}
,"/Users/alexmedina/Desktop/cashtracker/backend/src/middleware/expense.ts": {"path":"/Users/alexmedina/Desktop/cashtracker/backend/src/middleware/expense.ts","statementMap":{"0":{"start":{"line":2,"column":0},"end":{"line":2,"column":66}},"1":{"start":{"line":3,"column":0},"end":{"line":3,"column":40}},"2":{"start":{"line":13,"column":36},"end":{"line":32,"column":1}},"3":{"start":{"line":18,"column":2},"end":{"line":21,"column":14}},"4":{"start":{"line":22,"column":2},"end":{"line":29,"column":14}},"5":{"start":{"line":27,"column":23},"end":{"line":27,"column":32}},"6":{"start":{"line":31,"column":2},"end":{"line":31,"column":9}},"7":{"start":{"line":13,"column":13},"end":{"line":13,"column":36}},"8":{"start":{"line":34,"column":33},"end":{"line":47,"column":1}},"9":{"start":{"line":39,"column":2},"end":{"line":44,"column":14}},"10":{"start":{"line":42,"column":23},"end":{"line":42,"column":32}},"11":{"start":{"line":46,"column":2},"end":{"line":46,"column":9}},"12":{"start":{"line":34,"column":13},"end":{"line":34,"column":33}},"13":{"start":{"line":49,"column":37},"end":{"line":66,"column":1}},"14":{"start":{"line":54,"column":2},"end":{"line":65,"column":3}},"15":{"start":{"line":55,"column":26},"end":{"line":55,"column":36}},"16":{"start":{"line":56,"column":20},"end":{"line":56,"column":53}},"17":{"start":{"line":57,"column":4},"end":{"line":60,"column":5}},"18":{"start":{"line":58,"column":20},"end":{"line":58,"column":50}},"19":{"start":{"line":59,"column":6},"end":{"line":59,"column":62}},"20":{"start":{"line":61,"column":4},"end":{"line":61,"column":26}},"21":{"start":{"line":62,"column":4},"end":{"line":62,"column":11}},"22":{"start":{"line":64,"column":4},"end":{"line":64,"column":52}},"23":{"start":{"line":49,"column":13},"end":{"line":49,"column":37}}},"fnMap":{"0":{"name":"(anonymous_1)","decl":{"start":{"line":13,"column":36},"end":{"line":13,"column":41}},"loc":{"start":{"line":17,"column":4},"end":{"line":32,"column":1}}},"1":{"name":"(anonymous_2)","decl":{"start":{"line":27,"column":12},"end":{"line":27,"column":13}},"loc":{"start":{"line":27,"column":23},"end":{"line":27,"column":32}}},"2":{"name":"(anonymous_3)","decl":{"start":{"line":34,"column":33},"end":{"line":34,"column":38}},"loc":{"start":{"line":38,"column":4},"end":{"line":47,"column":1}}},"3":{"name":"(anonymous_4)","decl":{"start":{"line":42,"column":12},"end":{"line":42,"column":13}},"loc":{"start":{"line":42,"column":23},"end":{"line":42,"column":32}}},"4":{"name":"(anonymous_5)","decl":{"start":{"line":49,"column":37},"end":{"line":49,"column":42}},"loc":{"start":{"line":53,"column":4},"end":{"line":66,"column":1}}}},"branchMap":{"0":{"loc":{"start":{"line":57,"column":4},"end":{"line":60,"column":5}},"type":"if","locations":[{"start":{"line":57,"column":4},"end":{"line":60,"column":5}},{"start":{},"end":{}}]}},"s":{"0":2,"1":2,"2":2,"3":0,"4":0,"5":0,"6":0,"7":2,"8":2,"9":0,"10":0,"11":0,"12":2,"13":2,"14":3,"15":3,"16":3,"17":2,"18":1,"19":1,"20":1,"21":1,"22":1,"23":2},"f":{"0":0,"1":0,"2":0,"3":0,"4":3},"b":{"0":[1,1]}}
,"/Users/alexmedina/Desktop/cashtracker/backend/src/middleware/validations.ts": {"path":"/Users/alexmedina/Desktop/cashtracker/backend/src/middleware/validations.ts","statementMap":{"0":{"start":{"line":2,"column":0},"end":{"line":2,"column":53}},"1":{"start":{"line":4,"column":33},"end":{"line":14,"column":1}},"2":{"start":{"line":9,"column":15},"end":{"line":9,"column":36}},"3":{"start":{"line":10,"column":2},"end":{"line":12,"column":3}},"4":{"start":{"line":11,"column":4},"end":{"line":11,"column":60}},"5":{"start":{"line":13,"column":2},"end":{"line":13,"column":9}},"6":{"start":{"line":4,"column":13},"end":{"line":4,"column":33}}},"fnMap":{"0":{"name":"(anonymous_0)","decl":{"start":{"line":4,"column":33},"end":{"line":4,"column":null}},"loc":{"start":{"line":8,"column":4},"end":{"line":14,"column":1}}}},"branchMap":{"0":{"loc":{"start":{"line":10,"column":2},"end":{"line":12,"column":3}},"type":"if","locations":[{"start":{"line":10,"column":2},"end":{"line":12,"column":3}},{"start":{},"end":{}}]}},"s":{"0":1,"1":1,"2":19,"3":19,"4":6,"5":13,"6":1},"f":{"0":19},"b":{"0":[6,13]}}
,"/Users/alexmedina/Desktop/cashtracker/backend/src/models/Budget.ts": {"path":"/Users/alexmedina/Desktop/cashtracker/backend/src/models/Budget.ts","statementMap":{"0":{"start":{"line":1,"column":0},"end":{"line":1,"column":null}},"1":{"start":{"line":11,"column":0},"end":{"line":11,"column":32}},"2":{"start":{"line":12,"column":0},"end":{"line":12,"column":26}},"3":{"start":{"line":18,"column":0},"end":{"line":45,"column":null}},"4":{"start":{"line":25,"column":10},"end":{"line":25,"column":null}},"5":{"start":{"line":32,"column":10},"end":{"line":32,"column":null}},"6":{"start":{"line":38,"column":10},"end":{"line":38,"column":null}},"7":{"start":{"line":34,"column":17},"end":{"line":34,"column":24}},"8":{"start":{"line":41,"column":10},"end":{"line":41,"column":null}},"9":{"start":{"line":40,"column":20},"end":{"line":40,"column":24}},"10":{"start":{"line":44,"column":10},"end":{"line":44,"column":null}},"11":{"start":{"line":43,"column":19},"end":{"line":43,"column":23}},"12":{"start":{"line":18,"column":6},"end":{"line":45,"column":null}},"13":{"start":{"line":47,"column":0},"end":{"line":47,"column":22}}},"fnMap":{"0":{"name":"(anonymous_3)","decl":{"start":{"line":34,"column":11},"end":{"line":34,"column":14}},"loc":{"start":{"line":34,"column":17},"end":{"line":34,"column":24}}},"1":{"name":"(anonymous_4)","decl":{"start":{"line":40,"column":14},"end":{"line":40,"column":17}},"loc":{"start":{"line":40,"column":20},"end":{"line":40,"column":24}}},"2":{"name":"(anonymous_5)","decl":{"start":{"line":43,"column":13},"end":{"line":43,"column":16}},"loc":{"start":{"line":43,"column":19},"end":{"line":43,"column":23}}}},"branchMap":{"0":{"loc":{"start":{"line":44,"column":16},"end":{"line":44,"column":21}},"type":"cond-expr","locations":[{"start":{"line":44,"column":20},"end":{"line":44,"column":21}},{"start":{"line":44,"column":20},"end":{"line":44,"column":21}}]},"1":{"loc":{"start":{"line":44,"column":16},"end":{"line":44,"column":20}},"type":"binary-expr","locations":[{"start":{"line":44,"column":16},"end":{"line":44,"column":21}},{"start":{"line":44,"column":16},"end":{"line":44,"column":20}}]}},"s":{"0":3,"1":3,"2":3,"3":3,"4":3,"5":3,"6":3,"7":3,"8":3,"9":2,"10":3,"11":3,"12":3,"13":3},"f":{"0":3,"1":2,"2":3},"b":{"0":[2,1],"1":[3,3]}}
,"/Users/alexmedina/Desktop/cashtracker/backend/src/models/Expense.ts": {"path":"/Users/alexmedina/Desktop/cashtracker/backend/src/models/Expense.ts","statementMap":{"0":{"start":{"line":1,"column":0},"end":{"line":1,"column":null}},"1":{"start":{"line":10,"column":0},"end":{"line":10,"column":30}},"2":{"start":{"line":16,"column":0},"end":{"line":35,"column":null}},"3":{"start":{"line":22,"column":10},"end":{"line":22,"column":null}},"4":{"start":{"line":28,"column":10},"end":{"line":28,"column":null}},"5":{"start":{"line":31,"column":10},"end":{"line":31,"column":null}},"6":{"start":{"line":30,"column":20},"end":{"line":30,"column":26}},"7":{"start":{"line":34,"column":10},"end":{"line":34,"column":null}},"8":{"start":{"line":33,"column":19},"end":{"line":33,"column":25}},"9":{"start":{"line":16,"column":6},"end":{"line":35,"column":null}},"10":{"start":{"line":37,"column":0},"end":{"line":37,"column":23}}},"fnMap":{"0":{"name":"(anonymous_3)","decl":{"start":{"line":30,"column":14},"end":{"line":30,"column":17}},"loc":{"start":{"line":30,"column":20},"end":{"line":30,"column":26}}},"1":{"name":"(anonymous_4)","decl":{"start":{"line":33,"column":13},"end":{"line":33,"column":16}},"loc":{"start":{"line":33,"column":19},"end":{"line":33,"column":25}}}},"branchMap":{"0":{"loc":{"start":{"line":34,"column":18},"end":{"line":34,"column":25}},"type":"cond-expr","locations":[{"start":{"line":34,"column":24},"end":{"line":34,"column":25}},{"start":{"line":34,"column":24},"end":{"line":34,"column":25}}]},"1":{"loc":{"start":{"line":34,"column":18},"end":{"line":34,"column":24}},"type":"binary-expr","locations":[{"start":{"line":34,"column":18},"end":{"line":34,"column":25}},{"start":{"line":34,"column":18},"end":{"line":34,"column":24}}]}},"s":{"0":3,"1":3,"2":3,"3":3,"4":3,"5":3,"6":2,"7":3,"8":2,"9":3,"10":3},"f":{"0":2,"1":2},"b":{"0":[0,3],"1":[3,1]}}
,"/Users/alexmedina/Desktop/cashtracker/backend/src/models/User.ts": {"path":"/Users/alexmedina/Desktop/cashtracker/backend/src/models/User.ts","statementMap":{"0":{"start":{"line":1,"column":0},"end":{"line":1,"column":null}},"1":{"start":{"line":11,"column":0},"end":{"line":11,"column":30}},"2":{"start":{"line":16,"column":0},"end":{"line":53,"column":null}},"3":{"start":{"line":21,"column":10},"end":{"line":21,"column":null}},"4":{"start":{"line":27,"column":10},"end":{"line":27,"column":null}},"5":{"start":{"line":34,"column":10},"end":{"line":34,"column":null}},"6":{"start":{"line":39,"column":10},"end":{"line":39,"column":null}},"7":{"start":{"line":45,"column":10},"end":{"line":45,"column":null}},"8":{"start":{"line":52,"column":10},"end":{"line":52,"column":null}},"9":{"start":{"line":47,"column":17},"end":{"line":47,"column":23}},"10":{"start":{"line":16,"column":6},"end":{"line":53,"column":null}},"11":{"start":{"line":55,"column":0},"end":{"line":55,"column":20}}},"fnMap":{"0":{"name":"(anonymous_3)","decl":{"start":{"line":47,"column":11},"end":{"line":47,"column":14}},"loc":{"start":{"line":47,"column":17},"end":{"line":47,"column":23}}}},"branchMap":{},"s":{"0":3,"1":3,"2":3,"3":3,"4":3,"5":3,"6":3,"7":3,"8":3,"9":2,"10":3,"11":3},"f":{"0":2},"b":{}}
,"/Users/alexmedina/Desktop/cashtracker/backend/src/routes/authRouter.ts": {"path":"/Users/alexmedina/Desktop/cashtracker/backend/src/routes/authRouter.ts","statementMap":{"0":{"start":{"line":1,"column":0},"end":{"line":1,"column":33}},"1":{"start":{"line":2,"column":0},"end":{"line":2,"column":63}},"2":{"start":{"line":3,"column":0},"end":{"line":3,"column":48}},"3":{"start":{"line":4,"column":0},"end":{"line":4,"column":62}},"4":{"start":{"line":5,"column":0},"end":{"line":5,"column":44}},"5":{"start":{"line":6,"column":0},"end":{"line":6,"column":50}},"6":{"start":{"line":8,"column":15},"end":{"line":8,"column":23}},"7":{"start":{"line":10,"column":0},"end":{"line":10,"column":20}},"8":{"start":{"line":12,"column":0},"end":{"line":21,"column":2}},"9":{"start":{"line":23,"column":0},"end":{"line":31,"column":2}},"10":{"start":{"line":33,"column":0},"end":{"line":39,"column":2}},"11":{"start":{"line":41,"column":0},"end":{"line":46,"column":2}},"12":{"start":{"line":48,"column":0},"end":{"line":57,"column":2}},"13":{"start":{"line":59,"column":0},"end":{"line":71,"column":2}},"14":{"start":{"line":73,"column":0},"end":{"line":73,"column":55}},"15":{"start":{"line":75,"column":0},"end":{"line":86,"column":2}},"16":{"start":{"line":87,"column":0},"end":{"line":93,"column":2}},"17":{"start":{"line":95,"column":0},"end":{"line":95,"column":22}}},"fnMap":{},"branchMap":{},"s":{"0":1,"1":1,"2":1,"3":1,"4":1,"5":1,"6":1,"7":1,"8":1,"9":1,"10":1,"11":1,"12":1,"13":1,"14":1,"15":1,"16":1,"17":1},"f":{},"b":{}}
,"/Users/alexmedina/Desktop/cashtracker/backend/src/routes/budgetRouter.ts": {"path":"/Users/alexmedina/Desktop/cashtracker/backend/src/routes/budgetRouter.ts","statementMap":{"0":{"start":{"line":1,"column":0},"end":{"line":1,"column":33}},"1":{"start":{"line":2,"column":0},"end":{"line":2,"column":67}},"2":{"start":{"line":3,"column":0},"end":{"line":3,"column":null}},"3":{"start":{"line":9,"column":0},"end":{"line":9,"column":70}},"4":{"start":{"line":10,"column":0},"end":{"line":10,"column":null}},"5":{"start":{"line":15,"column":0},"end":{"line":15,"column":62}},"6":{"start":{"line":16,"column":0},"end":{"line":16,"column":50}},"7":{"start":{"line":18,"column":15},"end":{"line":18,"column":23}},"8":{"start":{"line":20,"column":0},"end":{"line":20,"column":25}},"9":{"start":{"line":22,"column":0},"end":{"line":22,"column":43}},"10":{"start":{"line":23,"column":0},"end":{"line":23,"column":47}},"11":{"start":{"line":24,"column":0},"end":{"line":24,"column":36}},"12":{"start":{"line":26,"column":0},"end":{"line":26,"column":45}},"13":{"start":{"line":27,"column":0},"end":{"line":27,"column":49}},"14":{"start":{"line":30,"column":0},"end":{"line":30,"column":41}},"15":{"start":{"line":31,"column":0},"end":{"line":31,"column":63}},"16":{"start":{"line":32,"column":0},"end":{"line":32,"column":51}},"17":{"start":{"line":33,"column":0},"end":{"line":33,"column":75}},"18":{"start":{"line":34,"column":0},"end":{"line":34,"column":57}},"19":{"start":{"line":37,"column":0},"end":{"line":42,"column":2}},"20":{"start":{"line":43,"column":0},"end":{"line":47,"column":2}},"21":{"start":{"line":48,"column":0},"end":{"line":53,"column":2}},"22":{"start":{"line":54,"column":0},"end":{"line":54,"column":79}},"23":{"start":{"line":56,"column":0},"end":{"line":56,"column":22}}},"fnMap":{},"branchMap":{},"s":{"0":1,"1":1,"2":1,"3":1,"4":1,"5":1,"6":1,"7":1,"8":1,"9":1,"10":1,"11":1,"12":1,"13":1,"14":1,"15":1,"16":1,"17":1,"18":1,"19":1,"20":1,"21":1,"22":1,"23":1},"f":{},"b":{}}
,"/Users/alexmedina/Desktop/cashtracker/backend/src/tests/mocks/budget.ts": {"path":"/Users/alexmedina/Desktop/cashtracker/backend/src/tests/mocks/budget.ts","statementMap":{"0":{"start":{"line":1,"column":13},"end":{"line":71,"column":2}}},"fnMap":{},"branchMap":{},"s":{"0":3},"f":{},"b":{}}
,"/Users/alexmedina/Desktop/cashtracker/backend/src/tests/mocks/expenses.ts": {"path":"/Users/alexmedina/Desktop/cashtracker/backend/src/tests/mocks/expenses.ts","statementMap":{"0":{"start":{"line":1,"column":13},"end":{"line":26,"column":2}}},"fnMap":{},"branchMap":{},"s":{"0":2},"f":{},"b":{}}
,"/Users/alexmedina/Desktop/cashtracker/backend/src/utils/auth.ts": {"path":"/Users/alexmedina/Desktop/cashtracker/backend/src/utils/auth.ts","statementMap":{"0":{"start":{"line":1,"column":0},"end":{"line":1,"column":28}},"1":{"start":{"line":3,"column":28},"end":{"line":6,"column":1}},"2":{"start":{"line":4,"column":15},"end":{"line":4,"column":39}},"3":{"start":{"line":5,"column":2},"end":{"line":5,"column":43}},"4":{"start":{"line":3,"column":13},"end":{"line":3,"column":28}},"5":{"start":{"line":8,"column":30},"end":{"line":13,"column":1}},"6":{"start":{"line":12,"column":2},"end":{"line":12,"column":56}},"7":{"start":{"line":8,"column":13},"end":{"line":8,"column":30}}},"fnMap":{"0":{"name":"(anonymous_1)","decl":{"start":{"line":3,"column":28},"end":{"line":3,"column":33}},"loc":{"start":{"line":3,"column":55},"end":{"line":6,"column":1}}},"1":{"name":"(anonymous_2)","decl":{"start":{"line":8,"column":30},"end":{"line":8,"column":35}},"loc":{"start":{"line":11,"column":4},"end":{"line":13,"column":1}}}},"branchMap":{},"s":{"0":2,"1":2,"2":1,"3":1,"4":2,"5":2,"6":5,"7":2},"f":{"0":1,"1":5},"b":{}}
,"/Users/alexmedina/Desktop/cashtracker/backend/src/utils/jwt.ts": {"path":"/Users/alexmedina/Desktop/cashtracker/backend/src/utils/jwt.ts","statementMap":{"0":{"start":{"line":1,"column":0},"end":{"line":1,"column":31}},"1":{"start":{"line":3,"column":27},"end":{"line":8,"column":1}},"2":{"start":{"line":4,"column":16},"end":{"line":6,"column":4}},"3":{"start":{"line":7,"column":2},"end":{"line":7,"column":15}},"4":{"start":{"line":3,"column":13},"end":{"line":3,"column":27}}},"fnMap":{"0":{"name":"(anonymous_1)","decl":{"start":{"line":3,"column":27},"end":{"line":3,"column":28}},"loc":{"start":{"line":3,"column":42},"end":{"line":8,"column":1}}}},"branchMap":{},"s":{"0":2,"1":2,"2":5,"3":5,"4":2},"f":{"0":5},"b":{}}
,"/Users/alexmedina/Desktop/cashtracker/backend/src/utils/token.ts": {"path":"/Users/alexmedina/Desktop/cashtracker/backend/src/utils/token.ts","statementMap":{"0":{"start":{"line":1,"column":29},"end":{"line":2,"column":56}},"1":{"start":{"line":2,"column":2},"end":{"line":2,"column":56}},"2":{"start":{"line":1,"column":13},"end":{"line":1,"column":29}}},"fnMap":{"0":{"name":"(anonymous_0)","decl":{"start":{"line":1,"column":29},"end":{"line":1,"column":32}},"loc":{"start":{"line":2,"column":2},"end":{"line":2,"column":56}}}},"branchMap":{},"s":{"0":2,"1":1,"2":2},"f":{"0":1},"b":{}}
}
