TN:
SF:src/server.ts
FN:9,connectDB
FNF:1
FNH:1
FNDA:1,connectDB
DA:1,1
DA:3,1
DA:4,1
DA:5,1
DA:6,1
DA:9,1
DA:10,1
DA:11,1
DA:12,1
DA:20,1
DA:22,1
DA:24,1
DA:26,1
DA:28,1
DA:29,1
DA:31,1
LF:16
LH:16
BRF:0
BRH:0
end_of_record
TN:
SF:src/config/db.ts
FNF:0
FNH:0
DA:1,1
DA:2,1
DA:4,1
DA:6,1
LF:4
LH:4
BRF:0
BRH:0
end_of_record
TN:
SF:src/config/limiter.ts
FNF:0
FNH:0
DA:1,1
DA:3,1
LF:2
LH:2
BRDA:5,0,0,0
BRDA:5,0,1,1
BRF:2
BRH:1
end_of_record
TN:
SF:src/config/nodemailer.ts
FN:6,(anonymous_1)
FNF:1
FNH:1
FNDA:2,(anonymous_1)
DA:1,2
DA:2,2
DA:4,2
DA:6,2
DA:7,2
DA:18,2
LF:6
LH:6
BRF:0
BRH:0
end_of_record
TN:
SF:src/controllers/AuthController.ts
FN:9,(anonymous_1)
FN:44,(anonymous_2)
FN:63,(anonymous_3)
FN:97,(anonymous_4)
FN:122,(anonymous_5)
FN:139,(anonymous_6)
FN:162,(anonymous_7)
FN:166,(anonymous_8)
FN:189,(anonymous_9)
FNF:9
FNH:3
FNDA:4,(anonymous_1)
FNDA:2,(anonymous_2)
FNDA:13,(anonymous_3)
FNDA:0,(anonymous_4)
FNDA:0,(anonymous_5)
FNDA:0,(anonymous_6)
FNDA:0,(anonymous_7)
FNDA:0,(anonymous_8)
FNDA:0,(anonymous_9)
DA:2,2
DA:3,2
DA:4,2
DA:5,2
DA:6,2
DA:8,2
DA:9,2
DA:10,4
DA:13,4
DA:17,4
DA:18,2
DA:19,2
DA:21,2
DA:22,2
DA:23,2
DA:24,2
DA:25,2
DA:27,2
DA:28,2
DA:31,2
DA:32,2
DA:37,1
DA:40,1
DA:44,2
DA:45,2
DA:46,2
DA:47,2
DA:49,2
DA:50,1
DA:51,1
DA:53,1
DA:54,1
DA:55,1
DA:56,1
DA:59,0
DA:63,2
DA:64,13
DA:65,13
DA:66,13
DA:68,13
DA:69,2
DA:70,2
DA:73,11
DA:74,2
DA:75,2
DA:78,9
DA:83,9
DA:84,2
DA:85,2
DA:88,7
DA:90,7
DA:93,0
DA:97,2
DA:98,0
DA:99,0
DA:100,0
DA:102,0
DA:103,0
DA:104,0
DA:107,0
DA:108,0
DA:109,0
DA:115,0
DA:118,0
DA:122,2
DA:123,0
DA:124,0
DA:125,0
DA:127,0
DA:128,0
DA:129,0
DA:132,0
DA:135,0
DA:139,2
DA:140,0
DA:141,0
DA:142,0
DA:144,0
DA:146,0
DA:147,0
DA:148,0
DA:151,0
DA:152,0
DA:153,0
DA:155,0
DA:158,0
DA:162,2
DA:163,0
DA:166,2
DA:167,0
DA:168,0
DA:169,0
DA:170,0
DA:172,0
DA:176,0
DA:177,0
DA:178,0
DA:180,0
DA:181,0
DA:182,0
DA:185,0
DA:189,2
DA:190,0
DA:191,0
DA:192,0
DA:193,0
DA:195,0
DA:196,0
DA:197,0
DA:198,0
DA:200,0
DA:203,0
LF:112
LH:56
BRDA:17,0,0,2
BRDA:17,0,1,2
BRDA:27,1,0,2
BRDA:27,1,1,0
BRDA:49,2,0,1
BRDA:49,2,1,1
BRDA:68,3,0,2
BRDA:68,3,1,11
BRDA:73,4,0,2
BRDA:73,4,1,9
BRDA:83,5,0,2
BRDA:83,5,1,7
BRDA:102,6,0,0
BRDA:102,6,1,0
BRDA:127,7,0,0
BRDA:127,7,1,0
BRDA:146,8,0,0
BRDA:146,8,1,0
BRDA:176,9,0,0
BRDA:176,9,1,0
BRDA:196,10,0,0
BRDA:196,10,1,0
BRF:22
BRH:11
end_of_record
TN:
SF:src/controllers/BudgetController.ts
FN:8,(anonymous_1)
FN:28,(anonymous_2)
FN:41,(anonymous_3)
FN:49,(anonymous_4)
FN:54,(anonymous_5)
FNF:5
FNH:5
FNDA:5,(anonymous_1)
FNDA:3,(anonymous_2)
FNDA:4,(anonymous_3)
FNDA:2,(anonymous_4)
FNDA:2,(anonymous_5)
DA:2,2
DA:3,2
DA:5,2
DA:8,2
DA:11,5
DA:12,5
DA:21,4
DA:24,1
DA:28,2
DA:30,3
DA:31,3
DA:32,2
DA:33,2
DA:34,2
DA:37,1
DA:41,2
DA:42,4
DA:46,4
DA:49,2
DA:50,2
DA:51,2
DA:54,2
DA:55,2
DA:56,2
LF:24
LH:24
BRF:0
BRH:0
end_of_record
TN:
SF:src/controllers/ExpenseController.ts
FN:5,(anonymous_1)
FN:17,(anonymous_2)
FN:21,(anonymous_3)
FN:26,(anonymous_4)
FNF:4
FNH:4
FNDA:2,(anonymous_1)
FNDA:1,(anonymous_2)
FNDA:1,(anonymous_3)
FNDA:1,(anonymous_4)
DA:2,2
DA:4,2
DA:5,2
DA:6,2
DA:7,2
DA:8,1
DA:9,1
DA:10,1
DA:13,1
DA:17,2
DA:18,1
DA:21,2
DA:22,1
DA:23,1
DA:26,2
DA:27,1
DA:28,1
LF:17
LH:17
BRF:0
BRH:0
end_of_record
TN:
SF:src/emails/AuthEmail.ts
FN:10,(anonymous_0)
FN:21,(anonymous_1)
FNF:2
FNH:1
FNDA:1,(anonymous_0)
FNDA:0,(anonymous_1)
DA:1,2
DA:9,2
DA:10,2
DA:11,1
DA:21,2
DA:22,0
LF:6
LH:5
BRF:0
BRH:0
end_of_record
TN:
SF:src/middleware/auth.ts
FN:13,(anonymous_1)
FNF:1
FNH:1
FNDA:19,(anonymous_1)
DA:2,1
DA:3,1
DA:13,1
DA:18,19
DA:20,19
DA:21,5
DA:22,5
DA:25,14
DA:27,14
DA:28,0
DA:29,0
DA:32,14
DA:33,14
DA:34,13
DA:35,13
DA:38,13
DA:42,1
LF:17
LH:15
BRDA:20,0,0,5
BRDA:20,0,1,14
BRDA:27,1,0,0
BRDA:27,1,1,14
BRDA:34,2,0,13
BRDA:34,2,1,0
BRDA:34,3,0,13
BRDA:34,3,1,13
BRF:8
BRH:6
end_of_record
TN:
SF:src/middleware/budget.ts
FN:14,(anonymous_1)
FN:23,(anonymous_2)
FN:33,(anonymous_3)
FN:53,(anonymous_4)
FN:64,(anonymous_5)
FN:74,(anonymous_6)
FNF:6
FNH:6
FNDA:10,(anonymous_1)
FNDA:7,(anonymous_2)
FNDA:10,(anonymous_3)
FNDA:4,(anonymous_4)
FNDA:4,(anonymous_5)
FNDA:7,(anonymous_6)
DA:2,3
DA:3,3
DA:14,3
DA:19,10
DA:23,7
DA:27,10
DA:28,10
DA:29,3
DA:31,7
DA:33,3
DA:38,10
DA:39,10
DA:40,10
DA:41,9
DA:42,4
DA:43,4
DA:45,5
DA:46,5
DA:49,1
DA:53,3
DA:58,4
DA:59,4
DA:64,4
DA:67,4
DA:68,4
DA:69,2
DA:71,2
DA:74,3
DA:79,7
DA:81,2
DA:82,2
DA:84,5
LF:32
LH:32
BRDA:28,0,0,3
BRDA:28,0,1,7
BRDA:41,1,0,4
BRDA:41,1,1,5
BRDA:68,2,0,2
BRDA:68,2,1,2
BRDA:79,3,0,2
BRDA:79,3,1,5
BRF:8
BRH:8
end_of_record
TN:
SF:src/middleware/expense.ts
FN:13,(anonymous_1)
FN:27,(anonymous_2)
FN:34,(anonymous_3)
FN:42,(anonymous_4)
FN:49,(anonymous_5)
FNF:5
FNH:1
FNDA:0,(anonymous_1)
FNDA:0,(anonymous_2)
FNDA:0,(anonymous_3)
FNDA:0,(anonymous_4)
FNDA:3,(anonymous_5)
DA:2,2
DA:3,2
DA:13,2
DA:18,0
DA:22,0
DA:27,0
DA:31,0
DA:34,2
DA:39,0
DA:42,0
DA:46,0
DA:49,2
DA:54,3
DA:55,3
DA:56,3
DA:57,2
DA:58,1
DA:59,1
DA:61,1
DA:62,1
DA:64,1
LF:21
LH:14
BRDA:57,0,0,1
BRDA:57,0,1,1
BRF:2
BRH:2
end_of_record
TN:
SF:src/middleware/validations.ts
FN:4,(anonymous_0)
FNF:1
FNH:1
FNDA:19,(anonymous_0)
DA:2,1
DA:4,1
DA:9,19
DA:10,19
DA:11,6
DA:13,13
LF:6
LH:6
BRDA:10,0,0,6
BRDA:10,0,1,13
BRF:2
BRH:2
end_of_record
TN:
SF:src/models/Budget.ts
FN:34,(anonymous_3)
FN:40,(anonymous_4)
FN:43,(anonymous_5)
FNF:3
FNH:3
FNDA:3,(anonymous_3)
FNDA:2,(anonymous_4)
FNDA:3,(anonymous_5)
DA:1,3
DA:11,3
DA:12,3
DA:18,3
DA:25,3
DA:32,3
DA:34,3
DA:38,3
DA:40,2
DA:41,3
DA:43,3
DA:44,3
DA:47,3
LF:13
LH:13
BRDA:44,0,0,2
BRDA:44,0,1,1
BRDA:44,1,0,3
BRDA:44,1,1,3
BRF:4
BRH:4
end_of_record
TN:
SF:src/models/Expense.ts
FN:30,(anonymous_3)
FN:33,(anonymous_4)
FNF:2
FNH:2
FNDA:2,(anonymous_3)
FNDA:2,(anonymous_4)
DA:1,3
DA:10,3
DA:16,3
DA:22,3
DA:28,3
DA:30,2
DA:31,3
DA:33,2
DA:34,3
DA:37,3
LF:10
LH:10
BRDA:34,0,0,0
BRDA:34,0,1,3
BRDA:34,1,0,3
BRDA:34,1,1,1
BRF:4
BRH:3
end_of_record
TN:
SF:src/models/User.ts
FN:47,(anonymous_3)
FNF:1
FNH:1
FNDA:2,(anonymous_3)
DA:1,3
DA:11,3
DA:16,3
DA:21,3
DA:27,3
DA:34,3
DA:39,3
DA:45,3
DA:47,2
DA:52,3
DA:55,3
LF:11
LH:11
BRF:0
BRH:0
end_of_record
TN:
SF:src/routes/authRouter.ts
FNF:0
FNH:0
DA:1,1
DA:2,1
DA:3,1
DA:4,1
DA:5,1
DA:6,1
DA:8,1
DA:10,1
DA:12,1
DA:23,1
DA:33,1
DA:41,1
DA:48,1
DA:59,1
DA:73,1
DA:75,1
DA:87,1
DA:95,1
LF:18
LH:18
BRF:0
BRH:0
end_of_record
TN:
SF:src/routes/budgetRouter.ts
FNF:0
FNH:0
DA:1,1
DA:2,1
DA:3,1
DA:9,1
DA:10,1
DA:15,1
DA:16,1
DA:18,1
DA:20,1
DA:22,1
DA:23,1
DA:24,1
DA:26,1
DA:27,1
DA:30,1
DA:31,1
DA:32,1
DA:33,1
DA:34,1
DA:37,1
DA:43,1
DA:48,1
DA:54,1
DA:56,1
LF:24
LH:24
BRF:0
BRH:0
end_of_record
TN:
SF:src/tests/mocks/budget.ts
FNF:0
FNH:0
DA:1,3
LF:1
LH:1
BRF:0
BRH:0
end_of_record
TN:
SF:src/tests/mocks/expenses.ts
FNF:0
FNH:0
DA:1,2
LF:1
LH:1
BRF:0
BRH:0
end_of_record
TN:
SF:src/utils/auth.ts
FN:3,(anonymous_1)
FN:8,(anonymous_2)
FNF:2
FNH:2
FNDA:1,(anonymous_1)
FNDA:5,(anonymous_2)
DA:1,2
DA:3,2
DA:4,1
DA:5,1
DA:8,2
DA:12,5
LF:6
LH:6
BRF:0
BRH:0
end_of_record
TN:
SF:src/utils/jwt.ts
FN:3,(anonymous_1)
FNF:1
FNH:1
FNDA:5,(anonymous_1)
DA:1,2
DA:3,2
DA:4,5
DA:7,5
LF:4
LH:4
BRF:0
BRH:0
end_of_record
TN:
SF:src/utils/token.ts
FN:1,(anonymous_0)
FNF:1
FNH:1
FNDA:1,(anonymous_0)
DA:1,2
DA:2,1
LF:2
LH:2
BRF:0
BRH:0
end_of_record
